Using pre-set license
Built from '2020.3/staging' branch; Version is '2020.3.25f1 (9b9180224418) revision 10195328'; Using compiler version '192528614'; Build Type 'Release'
OS: 'Windows 10  (10.0.19045) 64bit CoreSingleLanguage' Language: 'en' Physical Memory: 16215 MB
BatchMode: 1, IsHumanControllingUs: 0, StartBugReporterOnCrash: 0, Is64bit: 1, IsPro: 0

COMMAND LINE ARGUMENTS:
C:\Program Files\Unity\Hub\Editor\2020.3.25f1\Editor\Unity.exe
-adb2
-batchMode
-noUpm
-name
AssetImportWorker0
-projectPath
C:/Unity Projects/Test
-logFile
Logs/AssetImportWorker0.log
-srvPort
64471
Successfully changed project path to: C:/Unity Projects/Test
C:/Unity Projects/Test
Using Asset Import Pipeline V2.
Refreshing native plugins compatible for Editor in 27.57 ms, found 2 plugins.
Preloading 0 native plugins for Editor in 0.00 ms.
Initialize engine version: 2020.3.25f1 (9b9180224418)
[Subsystems] Discovering subsystems at path C:/Program Files/Unity/Hub/Editor/2020.3.25f1/Editor/Data/Resources/UnitySubsystems
[Subsystems] Discovering subsystems at path C:/Unity Projects/Test/Assets
GfxDevice: creating device client; threaded=0
Direct3D:
    Version:  Direct3D 11.0 [level 11.1]
    Renderer: NVIDIA GeForce RTX 2060 (ID=0x1f15)
    Vendor:   
    VRAM:     5968 MB
    Driver:   31.0.15.3141
Initialize mono
Mono path[0] = 'C:/Program Files/Unity/Hub/Editor/2020.3.25f1/Editor/Data/Managed'
Mono path[1] = 'C:/Program Files/Unity/Hub/Editor/2020.3.25f1/Editor/Data/MonoBleedingEdge/lib/mono/unityjit'
Mono config path = 'C:/Program Files/Unity/Hub/Editor/2020.3.25f1/Editor/Data/MonoBleedingEdge/etc'
Using monoOptions --debugger-agent=transport=dt_socket,embedding=1,server=y,suspend=n,address=127.0.0.1:56744
Begin MonoManager ReloadAssembly
Registering precompiled unity dll's ...
Register platform support module: C:/Program Files/Unity/Hub/Editor/2020.3.25f1/Editor/Data/PlaybackEngines/WebGLSupport/UnityEditor.WebGL.Extensions.dll
Register platform support module: C:/Program Files/Unity/Hub/Editor/2020.3.25f1/Editor/Data/PlaybackEngines/MacStandaloneSupport/UnityEditor.OSXStandalone.Extensions.dll
Register platform support module: C:/Program Files/Unity/Hub/Editor/2020.3.25f1/Editor/Data/PlaybackEngines/WindowsStandaloneSupport/UnityEditor.WindowsStandalone.Extensions.dll
Registered in 0.002370 seconds.
Native extension for WindowsStandalone target not found
Native extension for OSXStandalone target not found
Native extension for WebGL target not found
Refreshing native plugins compatible for Editor in 27.89 ms, found 2 plugins.
Preloading 0 native plugins for Editor in 0.00 ms.
Mono: successfully reloaded assembly
- Completed reload, in  0.499 seconds
Domain Reload Profiling:
	ReloadAssembly (499ms)
		BeginReloadAssembly (45ms)
			ExecutionOrderSort (0ms)
			DisableScriptedObjects (0ms)
			BackupInstance (0ms)
			ReleaseScriptingObjects (0ms)
			CreateAndSetChildDomain (1ms)
		EndReloadAssembly (392ms)
			LoadAssemblies (44ms)
			RebuildTransferFunctionScriptingTraits (0ms)
			SetupTypeCache (139ms)
			ReleaseScriptCaches (0ms)
			RebuildScriptCaches (28ms)
			SetupLoadedEditorAssemblies (145ms)
				LogAssemblyErrors (0ms)
				InitializePlatformSupportModulesInManaged (5ms)
				SetLoadedEditorAssemblies (0ms)
				RefreshPlugins (28ms)
				BeforeProcessingInitializeOnLoad (11ms)
				ProcessInitializeOnLoadAttributes (77ms)
				ProcessInitializeOnLoadMethodAttributes (23ms)
				AfterProcessingInitializeOnLoad (0ms)
				EditorAssembliesLoaded (0ms)
			ExecutionOrderSort2 (0ms)
			AwakeInstancesAfterBackupRestoration (0ms)
Platform modules already initialized, skipping
Registering precompiled user dll's ...
Registered in 0.003687 seconds.
Begin MonoManager ReloadAssembly
Native extension for WindowsStandalone target not found
Native extension for OSXStandalone target not found
Native extension for WebGL target not found
Refreshing native plugins compatible for Editor in 0.28 ms, found 2 plugins.
Preloading 0 native plugins for Editor in 0.00 ms.
Mono: successfully reloaded assembly
- Completed reload, in  1.148 seconds
Domain Reload Profiling:
	ReloadAssembly (1149ms)
		BeginReloadAssembly (153ms)
			ExecutionOrderSort (0ms)
			DisableScriptedObjects (5ms)
			BackupInstance (0ms)
			ReleaseScriptingObjects (0ms)
			CreateAndSetChildDomain (17ms)
		EndReloadAssembly (927ms)
			LoadAssemblies (110ms)
			RebuildTransferFunctionScriptingTraits (0ms)
			SetupTypeCache (305ms)
			ReleaseScriptCaches (0ms)
			RebuildScriptCaches (40ms)
			SetupLoadedEditorAssemblies (348ms)
				LogAssemblyErrors (0ms)
				InitializePlatformSupportModulesInManaged (5ms)
				SetLoadedEditorAssemblies (0ms)
				RefreshPlugins (0ms)
				BeforeProcessingInitializeOnLoad (80ms)
				ProcessInitializeOnLoadAttributes (189ms)
				ProcessInitializeOnLoadMethodAttributes (10ms)
				AfterProcessingInitializeOnLoad (62ms)
				EditorAssembliesLoaded (0ms)
			ExecutionOrderSort2 (0ms)
			AwakeInstancesAfterBackupRestoration (26ms)
Platform modules already initialized, skipping
========================================================================
Worker process is ready to serve import requests
Launched and connected shader compiler UnityShaderCompiler.exe after 0.16 seconds
Refreshing native plugins compatible for Editor in 0.56 ms, found 2 plugins.
Preloading 0 native plugins for Editor in 0.00 ms.
Unloading 1511 Unused Serialized files (Serialized files now loaded: 0)
System memory in use before: 67.8 MB.
System memory in use after: 67.9 MB.

Unloading 19 unused Assets to reduce memory usage. Loaded Objects now: 1944.
Total: 4.609400 ms (FindLiveObjects: 0.271300 ms CreateObjectMapping: 0.155100 ms MarkObjects: 3.858000 ms  DeleteObjects: 0.323400 ms)

AssetImportParameters requested are different than current active one (requested -> active):
  custom:framework-win-MediaFoundation: 216162199b28c13a410421893ffa2e32 -> 
  custom:video-decoder-ogg-theora: a1e56fd34408186e4bbccfd4996cb3dc -> 
  custom:container-muxer-webm: aa71ff27fc2769a1b78a27578f13a17b -> 
  custom:container-demuxer-webm: 4f35f7cbe854078d1ac9338744f61a02 -> 
  custom:container-demuxer-ogg: 62fdf1f143b41e24485cea50d1cbac27 -> 
  custom:video-encoder-webm-vp8: eb34c28f22e8b96e1ab97ce403110664 -> 
  custom:video-decoder-webm-vp8: 9c59270c3fd7afecdb556c50c9e8de78 -> 
  custom:audio-decoder-ogg-vorbis: bf7c407c2cedff20999df2af8eb42d56 -> 
  custom:audio-encoder-webm-vorbis: bf7c407c2cedff20999df2af8eb42d56 -> 
========================================================================
Received Import Request.
  path: Assets/NpcController.cs
  artifactKey: Guid(c4f761f4af62928468f727e041930e56) Importer(815301076,1909f56bfc062723c751e8b465ee728b)
Start importing Assets/NpcController.cs using Guid(c4f761f4af62928468f727e041930e56) Importer(815301076,1909f56bfc062723c751e8b465ee728b)  -> (artifact id: '10222ba98eff4668d602d9cdbd43c2b7') in 0.092556 seconds 
  Import took 0.097453 seconds .

========================================================================
Received Import Request.
  Time since last request: 126.961532 seconds.
  path: Assets/AttackPlayerSO1.cs
  artifactKey: Guid(dfece2c7a467c6c4f8f7047dcb3a39da) Importer(815301076,1909f56bfc062723c751e8b465ee728b)
Start importing Assets/AttackPlayerSO1.cs using Guid(dfece2c7a467c6c4f8f7047dcb3a39da) Importer(815301076,1909f56bfc062723c751e8b465ee728b)  -> (artifact id: '09e0136eef063850f88bbdf611d3972e') in 0.006641 seconds 
  Import took 0.009520 seconds .

========================================================================
Received Import Request.
  Time since last request: 13.295022 seconds.
  path: Assets/DefendPawnSO.cs
  artifactKey: Guid(dfece2c7a467c6c4f8f7047dcb3a39da) Importer(815301076,1909f56bfc062723c751e8b465ee728b)
Start importing Assets/DefendPawnSO.cs using Guid(dfece2c7a467c6c4f8f7047dcb3a39da) Importer(815301076,1909f56bfc062723c751e8b465ee728b)  -> (artifact id: '47ae41893ab01dcc3e62924269dfe0be') in 0.007793 seconds 
  Import took 0.011279 seconds .

========================================================================
Received Import Request.
  Time since last request: 2.095646 seconds.
  path: Assets/DefendPawnSO1.cs
  artifactKey: Guid(5f05229406122ac4a86878896882f740) Importer(815301076,1909f56bfc062723c751e8b465ee728b)
Start importing Assets/DefendPawnSO1.cs using Guid(5f05229406122ac4a86878896882f740) Importer(815301076,1909f56bfc062723c751e8b465ee728b)  -> (artifact id: '562d54224b849fb0385da0a39cbbc3aa') in 0.008203 seconds 
  Import took 0.011053 seconds .

========================================================================
Received Import Request.
  Time since last request: 57.803139 seconds.
  path: Assets/DefendBaseSO.cs
  artifactKey: Guid(5f05229406122ac4a86878896882f740) Importer(815301076,1909f56bfc062723c751e8b465ee728b)
Start importing Assets/DefendBaseSO.cs using Guid(5f05229406122ac4a86878896882f740) Importer(815301076,1909f56bfc062723c751e8b465ee728b)  -> (artifact id: '7afd1d1505cd17292f88192351ec462b') in 0.008453 seconds 
  Import took 0.011127 seconds .

========================================================================
Received Import Request.
  Time since last request: 34.529710 seconds.
  path: Assets/DefendPawnSO.cs
  artifactKey: Guid(dfece2c7a467c6c4f8f7047dcb3a39da) Importer(815301076,1909f56bfc062723c751e8b465ee728b)
Start importing Assets/DefendPawnSO.cs using Guid(dfece2c7a467c6c4f8f7047dcb3a39da) Importer(815301076,1909f56bfc062723c751e8b465ee728b)  -> (artifact id: 'da4356aefabaee9c46586750f538fc2e') in 0.003973 seconds 
  Import took 0.006745 seconds .

========================================================================
Received Import Request.
  Time since last request: 232.168213 seconds.
  path: Assets/DefendBaseSO.cs
  artifactKey: Guid(5f05229406122ac4a86878896882f740) Importer(815301076,1909f56bfc062723c751e8b465ee728b)
Start importing Assets/DefendBaseSO.cs using Guid(5f05229406122ac4a86878896882f740) Importer(815301076,1909f56bfc062723c751e8b465ee728b)  -> (artifact id: '1723b7d4e7c18078c945526706106ebf') in 0.002460 seconds 
  Import took 0.005565 seconds .

AssetImportWorkerClient::OnTransportError - code=2 error=End of file
